<?xml version="1.0" encoding="UTF-8"?>
<TestRun id="6c56c6bd-9be5-446c-a068-8baf385e9112" name="Administrator@ANNAMIEDZIAE6A9 2012-07-15 13:50:02" runUser="ANNAMIEDZIAE6A9\Administrator" xmlns="http://microsoft.com/schemas/VisualStudio/TeamTest/2010">
  <TestSettings name="Local" id="475efec6-518e-4b4a-870f-24bbcf8f6bdc">
    <Description>These are default test settings for a local test run.</Description>
    <Deployment enabled="false" runDeploymentRoot="Administrator_ANNAMIEDZIAE6A9 2012-07-15 13_50_02" />
    <Execution>
      <TestTypeSpecific />
      <AgentRule name="Execution Agents">
      </AgentRule>
    </Execution>
  </TestSettings>
  <Times creation="2012-07-15T13:50:02.9482422+01:00" queuing="2012-07-15T13:50:06.1630859+01:00" start="2012-07-15T13:50:06.5839843+01:00" finish="2012-07-15T13:50:08.1972656+01:00" />
  <ResultSummary outcome="Completed">
    <Counters total="1" executed="1" passed="1" error="0" failed="0" timeout="0" aborted="0" inconclusive="0" passedButRunAborted="0" notRunnable="0" notExecuted="0" disconnected="0" warning="0" completed="0" inProgress="0" pending="0" />
  </ResultSummary>
  <TestDefinitions>
    <UnitTest name="TestMethod1" storage="c:\visual studio\mvcmobileformobile\mvcapplicationformobile\mvcapplicationformobile.tests\bin\debug\mvcapplicationformobile.tests.dll" id="15419c1a-32b9-6a01-d22d-276cfc7c2230">
      <Execution id="c9cd7b6a-7456-43ad-8701-bf8a376c13c1" />
      <TestMethod codeBase="C:/Visual Studio/MVCMobileForMobile/MvcApplicationForMobile/MvcApplicationForMobile.Tests/bin/Debug/MvcApplicationForMobile.Tests.DLL" adapterTypeName="Microsoft.VisualStudio.TestTools.TestTypes.Unit.UnitTestAdapter, Microsoft.VisualStudio.QualityTools.Tips.UnitTest.Adapter, Version=10.0.0.0, Culture=neutral, PublicKeyToken=b03f5f7f11d50a3a" className="MvcApplicationForMobile.Tests.UnitTest1, MvcApplicationForMobile.Tests, Version=1.0.0.0, Culture=neutral, PublicKeyToken=null" name="TestMethod1" />
    </UnitTest>
  </TestDefinitions>
  <TestLists>
    <TestList name="Results Not in a List" id="8c84fa94-04c1-424b-9868-57a2d4851a1d" />
    <TestList name="All Loaded Results" id="19431567-8539-422a-85d7-44ee4e166bda" />
  </TestLists>
  <TestEntries>
    <TestEntry testId="15419c1a-32b9-6a01-d22d-276cfc7c2230" executionId="c9cd7b6a-7456-43ad-8701-bf8a376c13c1" testListId="8c84fa94-04c1-424b-9868-57a2d4851a1d" />
  </TestEntries>
  <Results>
    <UnitTestResult executionId="c9cd7b6a-7456-43ad-8701-bf8a376c13c1" testId="15419c1a-32b9-6a01-d22d-276cfc7c2230" testName="TestMethod1" computerName="ANNAMIEDZIAE6A9" duration="00:00:00.0353201" startTime="2012-07-15T13:50:06.7724609+01:00" endTime="2012-07-15T13:50:07.7929687+01:00" testType="13cdc9d9-ddb5-4fa4-a97d-d965ccfc6d4b" outcome="Passed" testListId="8c84fa94-04c1-424b-9868-57a2d4851a1d" relativeResultsDirectory="c9cd7b6a-7456-43ad-8701-bf8a376c13c1">
    </UnitTestResult>
  </Results>
</TestRun>