<?xml version="1.0" encoding="UTF-8"?>
<TestRun id="f1843dc6-a49a-4685-a6f2-62c45f315620" name="Administrator@ANNAMIEDZIAE6A9 2012-08-03 11:57:06" runUser="ANNAMIEDZIAE6A9\Administrator" xmlns="http://microsoft.com/schemas/VisualStudio/TeamTest/2010">
  <TestSettings name="Local" id="475efec6-518e-4b4a-870f-24bbcf8f6bdc">
    <Description>These are default test settings for a local test run.</Description>
    <Deployment enabled="false" runDeploymentRoot="Administrator_ANNAMIEDZIAE6A9 2012-08-03 11_57_06">
      <DeploymentItem filename="C:\Visual Studio\MVCMobileForMobile\MvcApplicationForMobile\packages\51Degrees.mobi.2.1.4.10\lib\NET40\FiftyOne.Foundation.dll" />
      <DeploymentItem filename="C:\Program Files\Microsoft SQL Server Compact Edition\v4.0\Desktop\System.Data.SqlServerCe.dll" />
      <DeploymentItem filename="C:\Visual Studio\MVCMobileForMobile\MvcApplicationForMobile\packages\Ninject.3.0.1.10\lib\net40\Ninject.dll" />
      <DeploymentItem filename="C:\Visual Studio\MVCMobileForMobile\MvcApplicationForMobile\packages\EntityFramework.4.1.10331.0\lib\EntityFramework.dll" />
      <DeploymentItem filename="C:\Visual Studio\MVCMobileForMobile\MvcApplicationForMobile\MvcApplicationForMobile.UnitTests\bin\Debug\Moq.dll" />
      <DeploymentItem filename="C:\Program Files\Microsoft ASP.NET\ASP.NET Web Pages\v2.0\Assemblies\Microsoft.Web.Infrastructure.dll" />
      <DeploymentItem filename="C:\Visual Studio\MVCMobileForMobile\MvcApplicationForMobile\packages\Ninject.MVC3.3.0.0.6\lib\net40-full\Ninject.Web.Mvc.dll" />
      <DeploymentItem filename="C:\Visual Studio\MVCMobileForMobile\MvcApplicationForMobile\packages\DataAnnotationsExtensions.MVC3.1.1.0.0\lib\NETFramework40\DataAnnotationsExtensions.ClientValidation.dll" />
      <DeploymentItem filename="C:\Visual Studio\MVCMobileForMobile\MvcApplicationForMobile\packages\Ninject.Web.Common.3.0.0.7\lib\net40-full\Ninject.Web.Common.dll" />
      <DeploymentItem filename="C:\Visual Studio\MVCMobileForMobile\MvcApplicationForMobile\packages\elmah.corelibrary.1.2.2\lib\Elmah.dll" />
      <DeploymentItem filename="C:\Visual Studio\MVCMobileForMobile\MvcApplicationForMobile\MvcApplicationForMobile\bin\MvcApplicationForMobile.dll" />
      <DeploymentItem filename="C:\Visual Studio\MVCMobileForMobile\MvcApplicationForMobile\packages\DataAnnotationsExtensions.1.1.0.0\lib\NETFramework40\DataAnnotationsExtensions.dll" />
      <DeploymentItem filename="C:\Visual Studio\MVCMobileForMobile\MvcApplicationForMobile\packages\WebActivator.1.5.1\lib\net40\WebActivator.dll" />
    </Deployment>
    <Execution>
      <TestTypeSpecific />
      <AgentRule name="Execution Agents">
      </AgentRule>
    </Execution>
  </TestSettings>
  <Times creation="2012-08-03T11:57:06.4902344+01:00" queuing="2012-08-03T11:57:09.5839844+01:00" start="2012-08-03T11:57:10.0849610+01:00" finish="2012-08-03T11:57:57.9863281+01:00" />
  <ResultSummary outcome="Error">
    <Counters total="1" executed="1" error="0" failed="0" timeout="0" aborted="1" inconclusive="0" passedButRunAborted="0" notRunnable="0" notExecuted="0" disconnected="0" warning="0" passed="0" completed="0" inProgress="0" pending="0" />
    <RunInfos>
      <RunInfo computerName="ANNAMIEDZIAE6A9" outcome="Error" timestamp="2012-08-03T11:57:57.9238281+01:00">
        <Text>Test host process exited unexpectedly.</Text>
      </RunInfo>
    </RunInfos>
  </ResultSummary>
  <TestDefinitions>
    <UnitTest name="TestIndex_WhenNoError_ReturnAllUsersAndIndexView" storage="c:\visual studio\mvcmobileformobile\mvcapplicationformobile\mvcapplicationformobile.unittests\bin\debug\mvcapplicationformobile.unittests.dll" id="8e53e457-3ab0-5565-0286-c00f936608c1">
      <Execution id="e603b03c-8d35-4ec3-b5b7-0362fb0cab94" />
      <TestMethod codeBase="C:/Visual Studio/MVCMobileForMobile/MvcApplicationForMobile/MvcApplicationForMobile.UnitTests/bin/Debug/MvcApplicationForMobile.UnitTests.DLL" adapterTypeName="Microsoft.VisualStudio.TestTools.TestTypes.Unit.UnitTestAdapter, Microsoft.VisualStudio.QualityTools.Tips.UnitTest.Adapter, Version=10.0.0.0, Culture=neutral, PublicKeyToken=b03f5f7f11d50a3a" className="MvcApplicationForMobile.UnitTests.UserControllerTest, MvcApplicationForMobile.UnitTests, Version=1.0.0.0, Culture=neutral, PublicKeyToken=null" name="TestIndex_WhenNoError_ReturnAllUsersAndIndexView" />
    </UnitTest>
  </TestDefinitions>
  <TestLists>
    <TestList name="Results Not in a List" id="8c84fa94-04c1-424b-9868-57a2d4851a1d" />
    <TestList name="All Loaded Results" id="19431567-8539-422a-85d7-44ee4e166bda" />
  </TestLists>
  <TestEntries>
    <TestEntry testId="8e53e457-3ab0-5565-0286-c00f936608c1" executionId="e603b03c-8d35-4ec3-b5b7-0362fb0cab94" testListId="8c84fa94-04c1-424b-9868-57a2d4851a1d" />
  </TestEntries>
  <Results>
    <UnitTestResult executionId="e603b03c-8d35-4ec3-b5b7-0362fb0cab94" testId="8e53e457-3ab0-5565-0286-c00f936608c1" testName="TestIndex_WhenNoError_ReturnAllUsersAndIndexView" computerName="ANNAMIEDZIAE6A9" duration="00:00:47.6210937" startTime="2012-08-03T11:57:10.3652344+01:00" endTime="2012-08-03T11:57:57.9863281+01:00" testType="13cdc9d9-ddb5-4fa4-a97d-d965ccfc6d4b" outcome="Aborted" testListId="8c84fa94-04c1-424b-9868-57a2d4851a1d" relativeResultsDirectory="e603b03c-8d35-4ec3-b5b7-0362fb0cab94">
    </UnitTestResult>
  </Results>
</TestRun>